<?xml version="1.0" encoding="UTF-8"?>
<coverage generated="1757525978751" clover="3.2.0">
  <project timestamp="1757525978751" name="All files">
    <metrics statements="36" coveredstatements="36" conditionals="15" coveredconditionals="14" methods="20" coveredmethods="20" elements="71" coveredelements="70" complexity="0" loc="36" ncloc="36" packages="2" files="7" classes="7"/>
    <package name="src">
      <metrics statements="9" coveredstatements="9" conditionals="0" coveredconditionals="0" methods="5" coveredmethods="5"/>
      <file name="stats.ts" path="/Users/paco/Library/CloudStorage/Dropbox/TestingSostenible/testing-library/src/stats.ts">
        <metrics statements="4" coveredstatements="4" conditionals="0" coveredconditionals="0" methods="3" coveredmethods="3"/>
        <line num="1" count="1" type="stmt"/>
        <line num="2" count="8" type="stmt"/>
        <line num="5" count="1" type="stmt"/>
        <line num="6" count="2" type="stmt"/>
      </file>
      <file name="statsAsync.ts" path="/Users/paco/Library/CloudStorage/Dropbox/TestingSostenible/testing-library/src/statsAsync.ts">
        <metrics statements="5" coveredstatements="5" conditionals="0" coveredconditionals="0" methods="2" coveredmethods="2"/>
        <line num="1" count="1" type="stmt"/>
        <line num="3" count="1" type="stmt"/>
        <line num="4" count="1" type="stmt"/>
        <line num="7" count="1" type="stmt"/>
        <line num="8" count="1" type="stmt"/>
      </file>
    </package>
    <package name="src.core">
      <metrics statements="27" coveredstatements="27" conditionals="15" coveredconditionals="14" methods="15" coveredmethods="15"/>
      <file name="SurveillanceController.ts" path="/Users/paco/Library/CloudStorage/Dropbox/TestingSostenible/testing-library/src/core/SurveillanceController.ts">
        <metrics statements="6" coveredstatements="6" conditionals="3" coveredconditionals="2" methods="4" coveredmethods="4"/>
        <line num="10" count="1" type="stmt"/>
        <line num="11" count="3" type="stmt"/>
        <line num="14" count="5" type="stmt"/>
        <line num="15" count="5" type="stmt"/>
        <line num="16" count="5" type="cond" truecount="1" falsecount="1"/>
        <line num="21" count="1" type="stmt"/>
      </file>
      <file name="camelCase.ts" path="/Users/paco/Library/CloudStorage/Dropbox/TestingSostenible/testing-library/src/core/camelCase.ts">
        <metrics statements="3" coveredstatements="3" conditionals="0" coveredconditionals="0" methods="2" coveredmethods="2"/>
        <line num="1" count="1" type="stmt"/>
        <line num="2" count="6" type="stmt"/>
        <line num="3" count="11" type="stmt"/>
      </file>
      <file name="fizzbuzz.ts" path="/Users/paco/Library/CloudStorage/Dropbox/TestingSostenible/testing-library/src/core/fizzbuzz.ts">
        <metrics statements="5" coveredstatements="5" conditionals="3" coveredconditionals="3" methods="1" coveredmethods="1"/>
        <line num="1" count="1" type="stmt"/>
        <line num="2" count="9" type="cond" truecount="1" falsecount="0"/>
        <line num="3" count="7" type="cond" truecount="1" falsecount="0"/>
        <line num="4" count="5" type="cond" truecount="1" falsecount="0"/>
        <line num="5" count="3" type="stmt"/>
      </file>
      <file name="passwordValidator.ts" path="/Users/paco/Library/CloudStorage/Dropbox/TestingSostenible/testing-library/src/core/passwordValidator.ts">
        <metrics statements="5" coveredstatements="5" conditionals="5" coveredconditionals="5" methods="4" coveredmethods="4"/>
        <line num="2" count="5" type="stmt"/>
        <line num="6" count="4" type="stmt"/>
        <line num="10" count="3" type="stmt"/>
        <line num="13" count="1" type="stmt"/>
        <line num="14" count="6" type="cond" truecount="5" falsecount="0"/>
      </file>
      <file name="sumNumbers.ts" path="/Users/paco/Library/CloudStorage/Dropbox/TestingSostenible/testing-library/src/core/sumNumbers.ts">
        <metrics statements="8" coveredstatements="8" conditionals="4" coveredconditionals="4" methods="4" coveredmethods="4"/>
        <line num="1" count="1" type="stmt"/>
        <line num="2" count="9" type="cond" truecount="1" falsecount="0"/>
        <line num="3" count="2" type="stmt"/>
        <line num="5" count="7" type="cond" truecount="1" falsecount="0"/>
        <line num="6" count="5" type="stmt"/>
        <line num="7" count="12" type="stmt"/>
        <line num="8" count="9" type="stmt"/>
        <line num="10" count="2" type="cond" truecount="2" falsecount="0"/>
      </file>
    </package>
  </project>
</coverage>
