<?xml version="1.0" encoding="UTF-8"?>
<coverage generated="1747561241759" clover="3.2.0">
  <project timestamp="1747561241759" name="All files">
    <metrics statements="5" coveredstatements="5" conditionals="3" coveredconditionals="2" methods="1" coveredmethods="1" elements="9" coveredelements="8" complexity="0" loc="5" ncloc="5" packages="1" files="1" classes="1"/>
    <file name="fizzbuzz.ts" path="/Users/paco/Dropbox/TestingSostenible/testing-library/src/core/fizzbuzz.ts">
      <metrics statements="5" coveredstatements="5" conditionals="3" coveredconditionals="2" methods="1" coveredmethods="1"/>
      <line num="1" count="1" type="stmt"/>
      <line num="2" count="5" type="cond" truecount="1" falsecount="0"/>
      <line num="3" count="3" type="cond" truecount="1" falsecount="0"/>
      <line num="4" count="1" type="cond" truecount="0" falsecount="1"/>
      <line num="5" count="1" type="stmt"/>
    </file>
  </project>
</coverage>
