{"/Users/paco/Library/CloudStorage/Dropbox/TestingSostenible/testing-library/src/core/camelCase.ts": {"path":"/Users/paco/Library/CloudStorage/Dropbox/TestingSostenible/testing-library/src/core/camelCase.ts","statementMap":{"0":{"start":{"line":1,"column":27},"end":{"line":4,"column":1}},"1":{"start":{"line":2,"column":18},"end":{"line":2,"column":37}},"2":{"start":{"line":3,"column":4},"end":{"line":3,"column":87}},"3":{"start":{"line":3,"column":31},"end":{"line":3,"column":76}},"4":{"start":{"line":1,"column":13},"end":{"line":1,"column":27}}},"fnMap":{"0":{"name":"(anonymous_0)","decl":{"start":{"line":1,"column":27},"end":{"line":1,"column":28}},"loc":{"start":{"line":1,"column":44},"end":{"line":4,"column":1}}},"1":{"name":"(anonymous_1)","decl":{"start":{"line":3,"column":21},"end":{"line":3,"column":22}},"loc":{"start":{"line":3,"column":31},"end":{"line":3,"column":76}}}},"branchMap":{},"s":{"0":1,"1":6,"2":6,"3":11,"4":1},"f":{"0":6,"1":11},"b":{}}
}
