TN:
SF:src/stats.ts
FN:1,sum
FN:2,(anonymous_1)
FN:5,average
FNF:3
FNH:3
FNDA:4,sum
FNDA:8,(anonymous_1)
FNDA:2,average
DA:1,1
DA:2,8
DA:5,1
DA:6,2
LF:4
LH:4
BRF:0
BRH:0
end_of_record
TN:
SF:src/statsAsync.ts
FN:3,sum
FN:7,average
FNF:2
FNH:2
FNDA:1,sum
FNDA:1,average
DA:1,1
DA:3,1
DA:4,1
DA:7,1
DA:8,1
LF:5
LH:5
BRF:0
BRH:0
end_of_record
TN:
SF:src/core/SurveillanceController.ts
FN:11,(anonymous_0)
FN:13,(anonymous_1)
FN:14,(anonymous_2)
FN:14,(anonymous_3)
FNF:4
FNH:4
FNDA:3,(anonymous_0)
FNDA:3,(anonymous_1)
FNDA:5,(anonymous_2)
FNDA:5,(anonymous_3)
DA:10,1
DA:11,3
DA:14,5
DA:15,5
DA:16,5
DA:21,1
LF:6
LH:6
BRDA:13,0,0,2
BRDA:16,1,0,0
BRDA:16,1,1,4
BRF:3
BRH:2
end_of_record
TN:
SF:src/core/camelCase.ts
FN:1,(anonymous_0)
FN:3,(anonymous_1)
FNF:2
FNH:2
FNDA:6,(anonymous_0)
FNDA:11,(anonymous_1)
DA:1,1
DA:2,6
DA:3,11
LF:3
LH:3
BRF:0
BRH:0
end_of_record
TN:
SF:src/core/fizzbuzz.ts
FN:1,fizzBuzz
FNF:1
FNH:1
FNDA:9,fizzBuzz
DA:1,1
DA:2,9
DA:3,7
DA:4,5
DA:5,3
LF:5
LH:5
BRDA:2,0,0,2
BRDA:3,1,0,2
BRDA:4,2,0,2
BRF:3
BRH:3
end_of_record
TN:
SF:src/core/passwordValidator.ts
FN:1,hasNumber
FN:5,hasLowercase
FN:9,hasCapitalCase
FN:13,(anonymous_3)
FNF:4
FNH:4
FNDA:5,hasNumber
FNDA:4,hasLowercase
FNDA:3,hasCapitalCase
FNDA:6,(anonymous_3)
DA:2,5
DA:6,4
DA:10,3
DA:13,1
DA:14,6
LF:5
LH:5
BRDA:14,0,0,6
BRDA:14,0,1,5
BRDA:14,0,2,4
BRDA:14,0,3,3
BRDA:14,0,4,2
BRF:5
BRH:5
end_of_record
TN:
SF:src/core/sumNumbers.ts
FN:1,sumNumbers
FN:7,(anonymous_1)
FN:8,(anonymous_2)
FN:8,(anonymous_3)
FNF:4
FNH:4
FNDA:9,sumNumbers
FNDA:12,(anonymous_1)
FNDA:9,(anonymous_2)
FNDA:9,(anonymous_3)
DA:1,1
DA:2,9
DA:3,2
DA:5,7
DA:6,5
DA:7,12
DA:8,9
DA:10,2
LF:8
LH:8
BRDA:2,0,0,2
BRDA:5,1,0,5
BRDA:10,2,0,1
BRDA:10,2,1,1
BRF:4
BRH:4
end_of_record
